0 info it worked if it ends with ok
1 verbose cli [ 'D:\\Nodist\\v-x64\\6.11.0\\node.exe',
1 verbose cli   'D:\\Nodist\\npmv\\4.0.5\\bin\\npm-cli.js',
1 verbose cli   'run',
1 verbose cli   'watch' ]
2 info using npm@4.0.5
3 info using node@v6.11.0
4 verbose run-script [ 'prewatch', 'watch', 'postwatch' ]
5 info lifecycle unicodedetecter@0.0.1~prewatch: unicodedetecter@0.0.1
6 warn lifecycle The node binary used for scripts is D:\Nodist\bin\node.exe but npm is using D:\Nodist\v-x64\6.11.0\node.exe itself. Use the `--scripts-prepend-node-path` option to include the path for the node binary npm was executed with.
7 silly lifecycle unicodedetecter@0.0.1~prewatch: no script for prewatch, continuing
8 info lifecycle unicodedetecter@0.0.1~watch: unicodedetecter@0.0.1
9 verbose lifecycle unicodedetecter@0.0.1~watch: unsafe-perm in lifecycle true
10 verbose lifecycle unicodedetecter@0.0.1~watch: PATH: D:\Nodist\npmv\4.0.5\bin\node-gyp-bin;d:\work\その他\vscodeExtension\unicodedetecter\node_modules\.bin;C:\Program Files (x86)\Intel\Intel(R) Management Engine Components\iCLS\;C:\Program Files\Intel\Intel(R) Management Engine Components\iCLS\;C:\Windows\system32;C:\Windows;C:\Windows\System32\Wbem;C:\Windows\System32\WindowsPowerShell\v1.0\;C:\Windows\System32\OpenSSH\;C:\Program Files (x86)\Intel\Intel(R) Management Engine Components\DAL;C:\Program Files\Intel\Intel(R) Management Engine Components\DAL;C:\Program Files (x86)\Intel\Intel(R) Management Engine Components\IPT;C:\Program Files\Intel\Intel(R) Management Engine Components\IPT;D:\Nodist\bin;C:\Program Files (x86)\Brackets\command;D:\var¥php;C:\MinGW\bin;C:\Users\tomoro.nishida\AppData\Local\Programs\Python\Python37\Scripts\;C:\Users\tomoro.nishida\AppData\Local\Programs\Python\Python37\;C:\Users\tomoro.nishida\AppData\Local\Microsoft\WindowsApps;C:\Users\tomoro.nishida\AppData\Local\atom\bin;C:\Users\tomoro.nishida\AppData\Local\Programs\Microsoft VS Code\bin
11 verbose lifecycle unicodedetecter@0.0.1~watch: CWD: d:\work\その他\vscodeExtension\unicodedetecter
12 silly lifecycle unicodedetecter@0.0.1~watch: Args: [ '/d /s /c', 'tsc -watch -p ./' ]
13 silly lifecycle unicodedetecter@0.0.1~watch: Returned: code: 3221225786  signal: null
14 info lifecycle unicodedetecter@0.0.1~watch: Failed to exec watch script
15 verbose stack Error: unicodedetecter@0.0.1 watch: `tsc -watch -p ./`
15 verbose stack Exit status 3221225786
15 verbose stack     at EventEmitter.<anonymous> (D:\Nodist\npmv\4.0.5\lib\utils\lifecycle.js:279:16)
15 verbose stack     at emitTwo (events.js:106:13)
15 verbose stack     at EventEmitter.emit (events.js:191:7)
15 verbose stack     at ChildProcess.<anonymous> (D:\Nodist\npmv\4.0.5\lib\utils\spawn.js:40:14)
15 verbose stack     at emitTwo (events.js:106:13)
15 verbose stack     at ChildProcess.emit (events.js:191:7)
15 verbose stack     at maybeClose (internal/child_process.js:891:16)
15 verbose stack     at Process.ChildProcess._handle.onexit (internal/child_process.js:226:5)
16 verbose pkgid unicodedetecter@0.0.1
17 verbose cwd d:\work\その他\vscodeExtension\unicodedetecter
18 error Windows_NT 10.0.17134
19 error argv "D:\\Nodist\\v-x64\\6.11.0\\node.exe" "D:\\Nodist\\npmv\\4.0.5\\bin\\npm-cli.js" "run" "watch"
20 error node v6.11.0
21 error npm  v4.0.5
22 error code ELIFECYCLE
23 error unicodedetecter@0.0.1 watch: `tsc -watch -p ./`
23 error Exit status 3221225786
24 error Failed at the unicodedetecter@0.0.1 watch script 'tsc -watch -p ./'.
24 error Make sure you have the latest version of node.js and npm installed.
24 error If you do, this is most likely a problem with the unicodedetecter package,
24 error not with npm itself.
24 error Tell the author that this fails on your system:
24 error     tsc -watch -p ./
24 error You can get information on how to open an issue for this project with:
24 error     npm bugs unicodedetecter
24 error Or if that isn't available, you can get their info via:
24 error     npm owner ls unicodedetecter
24 error There is likely additional logging output above.
25 verbose exit [ 1, true ]
